This file contains any messages produced by compilers while
running configure, to aid debugging if configure makes a mistake.

It was created by GNU units configure 1.87, which was
generated by GNU Autoconf 2.61.  Invocation command line was

  $ ./configure --enable-path-search

## --------- ##
## Platform. ##
## --------- ##

hostname = kiwi
uname -m = i686
uname -r = 2.6.32-26-generic
uname -s = Linux
uname -v = #48-Ubuntu SMP Wed Nov 24 09:00:03 UTC 2010

/usr/bin/uname -p = unknown
/bin/uname -X     = unknown

/bin/arch              = unknown
/usr/bin/arch -k       = unknown
/usr/convex/getsysinfo = unknown
/usr/bin/hostinfo      = unknown
/bin/machine           = unknown
/usr/bin/oslevel       = unknown
/bin/universe          = unknown

PATH: /home/john/bin
PATH: /usr/local/sbin
PATH: /usr/local/bin
PATH: /usr/sbin
PATH: /usr/bin
PATH: /sbin
PATH: /bin
PATH: /usr/games
PATH: /home/john/bin


## ----------- ##
## Core tests. ##
## ----------- ##

configure:1776: checking for cl
configure:1806: result: no
configure:1776: checking for gcc
configure:1792: found /usr/bin/gcc
configure:1803: result: gcc
configure:1839: checking for C compiler version
configure:1846: gcc --version >&5
gcc (Ubuntu 4.4.3-4ubuntu5) 4.4.3
Copyright (C) 2009 Free Software Foundation, Inc.
This is free software; see the source for copying conditions.  There is NO
warranty; not even for MERCHANTABILITY or FITNESS FOR A PARTICULAR PURPOSE.

configure:1849: $? = 0
configure:1856: gcc -v >&5
Using built-in specs.
Target: i486-linux-gnu
Configured with: ../src/configure -v --with-pkgversion='Ubuntu 4.4.3-4ubuntu5' --with-bugurl=file:///usr/share/doc/gcc-4.4/README.Bugs --enable-languages=c,c++,fortran,objc,obj-c++ --prefix=/usr --enable-shared --enable-multiarch --enable-linker-build-id --with-system-zlib --libexecdir=/usr/lib --without-included-gettext --enable-threads=posix --with-gxx-include-dir=/usr/include/c++/4.4 --program-suffix=-4.4 --enable-nls --enable-clocale=gnu --enable-libstdcxx-debug --enable-plugin --enable-objc-gc --enable-targets=all --disable-werror --with-arch-32=i486 --with-tune=generic --enable-checking=release --build=i486-linux-gnu --host=i486-linux-gnu --target=i486-linux-gnu
Thread model: posix
gcc version 4.4.3 (Ubuntu 4.4.3-4ubuntu5) 
configure:1859: $? = 0
configure:1866: gcc -V >&5
gcc: '-V' option must have argument
configure:1869: $? = 1
configure:1892: checking for C compiler default output file name
configure:1919: gcc    conftest.c  >&5
configure:1922: $? = 0
configure:1960: result: a.out
configure:1977: checking whether the C compiler works
configure:1987: ./a.out
configure:1990: $? = 0
configure:2007: result: yes
configure:2014: checking whether we are cross compiling
configure:2016: result: no
configure:2019: checking for suffix of executables
configure:2026: gcc -o conftest    conftest.c  >&5
configure:2029: $? = 0
configure:2053: result: 
configure:2059: checking for suffix of object files
configure:2085: gcc -c   conftest.c >&5
configure:2088: $? = 0
configure:2111: result: o
configure:2115: checking whether we are using the GNU C compiler
configure:2144: gcc -c   conftest.c >&5
configure:2150: $? = 0
configure:2167: result: yes
configure:2172: checking whether gcc accepts -g
configure:2202: gcc -c -g  conftest.c >&5
configure:2208: $? = 0
configure:2307: result: yes
configure:2324: checking for gcc option to accept ISO C89
configure:2398: gcc  -c -g -O2  conftest.c >&5
configure:2404: $? = 0
configure:2427: result: none needed
configure:2453: checking for an ANSI C-conforming const
configure:2528: gcc -c -g -O2  conftest.c >&5
configure:2534: $? = 0
configure:2549: result: yes
configure:2603: checking for a BSD-compatible install
configure:2659: result: /usr/bin/install -c
configure:2672: checking for sin
configure:2728: gcc -o conftest -g -O2   conftest.c  >&5
conftest.c:31: warning: conflicting types for built-in function 'sin'
/tmp/ccUJ1LBV.o: In function `main':
/home/john/extern-projects/extended-units/conftest.c:42: undefined reference to `sin'
collect2: ld returned 1 exit status
configure:2734: $? = 1
configure: failed program was:
| /* confdefs.h.  */
| #define PACKAGE_NAME "GNU units"
| #define PACKAGE_TARNAME "units"
| #define PACKAGE_VERSION "1.87"
| #define PACKAGE_STRING "GNU units 1.87"
| #define PACKAGE_BUGREPORT "adrian@cam.cornell.edu"
| /* end confdefs.h.  */
| /* Define sin to an innocuous variant, in case <limits.h> declares sin.
|    For example, HP-UX 11i <limits.h> declares gettimeofday.  */
| #define sin innocuous_sin
| 
| /* System header to define __stub macros and hopefully few prototypes,
|     which can conflict with char sin (); below.
|     Prefer <limits.h> to <assert.h> if __STDC__ is defined, since
|     <limits.h> exists even on freestanding compilers.  */
| 
| #ifdef __STDC__
| # include <limits.h>
| #else
| # include <assert.h>
| #endif
| 
| #undef sin
| 
| /* Override any GCC internal prototype to avoid an error.
|    Use char because int might match the return type of a GCC
|    builtin and then its argument prototype would still apply.  */
| #ifdef __cplusplus
| extern "C"
| #endif
| char sin ();
| /* The GNU C library defines this for functions which it implements
|     to always fail with ENOSYS.  Some functions are actually named
|     something starting with __ and the normal name is an alias.  */
| #if defined __stub_sin || defined __stub___sin
| choke me
| #endif
| 
| int
| main ()
| {
| return sin ();
|   ;
|   return 0;
| }
configure:2751: result: no
configure:2759: checking for tparm in -lncurses
configure:2794: gcc -o conftest -g -O2   conftest.c -lncurses  -lm >&5
configure:2800: $? = 0
configure:2818: result: yes
configure:2897: checking how to run the C preprocessor
configure:2937: gcc -E  conftest.c
configure:2943: $? = 0
configure:2974: gcc -E  conftest.c
conftest.c:8:28: error: ac_nonexistent.h: No such file or directory
configure:2980: $? = 1
configure: failed program was:
| /* confdefs.h.  */
| #define PACKAGE_NAME "GNU units"
| #define PACKAGE_TARNAME "units"
| #define PACKAGE_VERSION "1.87"
| #define PACKAGE_STRING "GNU units 1.87"
| #define PACKAGE_BUGREPORT "adrian@cam.cornell.edu"
| /* end confdefs.h.  */
| #include <ac_nonexistent.h>
configure:3013: result: gcc -E
configure:3042: gcc -E  conftest.c
configure:3048: $? = 0
configure:3079: gcc -E  conftest.c
conftest.c:8:28: error: ac_nonexistent.h: No such file or directory
configure:3085: $? = 1
configure: failed program was:
| /* confdefs.h.  */
| #define PACKAGE_NAME "GNU units"
| #define PACKAGE_TARNAME "units"
| #define PACKAGE_VERSION "1.87"
| #define PACKAGE_STRING "GNU units 1.87"
| #define PACKAGE_BUGREPORT "adrian@cam.cornell.edu"
| /* end confdefs.h.  */
| #include <ac_nonexistent.h>
configure:3123: checking for grep that handles long lines and -e
configure:3197: result: /bin/grep
configure:3202: checking for egrep
configure:3280: result: /bin/grep -E
configure:3285: checking for ANSI C header files
configure:3315: gcc -c -g -O2  conftest.c >&5
configure:3321: $? = 0
configure:3420: gcc -o conftest -g -O2   conftest.c -lm -lncurses >&5
configure:3423: $? = 0
configure:3429: ./conftest
configure:3432: $? = 0
configure:3449: result: yes
configure:3473: checking for sys/types.h
configure:3494: gcc -c -g -O2  conftest.c >&5
configure:3500: $? = 0
configure:3516: result: yes
configure:3473: checking for sys/stat.h
configure:3494: gcc -c -g -O2  conftest.c >&5
configure:3500: $? = 0
configure:3516: result: yes
configure:3473: checking for stdlib.h
configure:3494: gcc -c -g -O2  conftest.c >&5
configure:3500: $? = 0
configure:3516: result: yes
configure:3473: checking for string.h
configure:3494: gcc -c -g -O2  conftest.c >&5
configure:3500: $? = 0
configure:3516: result: yes
configure:3473: checking for memory.h
configure:3494: gcc -c -g -O2  conftest.c >&5
configure:3500: $? = 0
configure:3516: result: yes
configure:3473: checking for strings.h
configure:3494: gcc -c -g -O2  conftest.c >&5
configure:3500: $? = 0
configure:3516: result: yes
configure:3473: checking for inttypes.h
configure:3494: gcc -c -g -O2  conftest.c >&5
configure:3500: $? = 0
configure:3516: result: yes
configure:3473: checking for stdint.h
configure:3494: gcc -c -g -O2  conftest.c >&5
configure:3500: $? = 0
configure:3516: result: yes
configure:3473: checking for unistd.h
configure:3494: gcc -c -g -O2  conftest.c >&5
configure:3500: $? = 0
configure:3516: result: yes
configure:3528: checking for readline in -lreadline
configure:3563: gcc -o conftest -g -O2   conftest.c -lreadline  -lm -lncurses >&5
configure:3569: $? = 0
configure:3587: result: yes
configure:3600: checking readline/readline.h usability
configure:3617: gcc -c -g -O2  conftest.c >&5
configure:3623: $? = 0
configure:3637: result: yes
configure:3641: checking readline/readline.h presence
configure:3656: gcc -E  conftest.c
configure:3662: $? = 0
configure:3676: result: yes
configure:3709: checking for readline/readline.h
configure:3716: result: yes
configure:3731: checking for string.h
configure:3736: result: yes
configure:3868: checking for stdlib.h
configure:3873: result: yes
configure:4005: checking for strchr
configure:4061: gcc -o conftest -g -O2   conftest.c -lm -lreadline -lncurses >&5
conftest.c:41: warning: conflicting types for built-in function 'strchr'
configure:4067: $? = 0
configure:4084: result: yes
configure:4092: checking for strspn
configure:4148: gcc -o conftest -g -O2   conftest.c -lm -lreadline -lncurses >&5
conftest.c:41: warning: conflicting types for built-in function 'strspn'
configure:4154: $? = 0
configure:4171: result: yes
configure:4179: checking for strtok
configure:4235: gcc -o conftest -g -O2   conftest.c -lm -lreadline -lncurses >&5
configure:4241: $? = 0
configure:4258: result: yes
configure:4407: creating ./config.status

## ---------------------- ##
## Running config.status. ##
## ---------------------- ##

This file was extended by GNU units config.status 1.87, which was
generated by GNU Autoconf 2.61.  Invocation command line was

  CONFIG_FILES    = 
  CONFIG_HEADERS  = 
  CONFIG_LINKS    = 
  CONFIG_COMMANDS = 
  $ ./config.status 

on kiwi

config.status:581: creating Makefile

## ---------------- ##
## Cache variables. ##
## ---------------- ##

ac_cv_c_compiler_gnu=yes
ac_cv_c_const=yes
ac_cv_env_CC_set=
ac_cv_env_CC_value=
ac_cv_env_CFLAGS_set=
ac_cv_env_CFLAGS_value=
ac_cv_env_CPPFLAGS_set=
ac_cv_env_CPPFLAGS_value=
ac_cv_env_CPP_set=
ac_cv_env_CPP_value=
ac_cv_env_LDFLAGS_set=
ac_cv_env_LDFLAGS_value=
ac_cv_env_LIBS_set=
ac_cv_env_LIBS_value=
ac_cv_env_build_alias_set=
ac_cv_env_build_alias_value=
ac_cv_env_host_alias_set=
ac_cv_env_host_alias_value=
ac_cv_env_target_alias_set=
ac_cv_env_target_alias_value=
ac_cv_func_sin=no
ac_cv_func_strchr=yes
ac_cv_func_strspn=yes
ac_cv_func_strtok=yes
ac_cv_header_inttypes_h=yes
ac_cv_header_memory_h=yes
ac_cv_header_readline_readline_h=yes
ac_cv_header_stdc=yes
ac_cv_header_stdint_h=yes
ac_cv_header_stdlib_h=yes
ac_cv_header_string_h=yes
ac_cv_header_strings_h=yes
ac_cv_header_sys_stat_h=yes
ac_cv_header_sys_types_h=yes
ac_cv_header_unistd_h=yes
ac_cv_lib_ncurses_tparm=yes
ac_cv_lib_readline_readline=yes
ac_cv_objext=o
ac_cv_path_EGREP='/bin/grep -E'
ac_cv_path_GREP=/bin/grep
ac_cv_path_install='/usr/bin/install -c'
ac_cv_prog_CPP='gcc -E'
ac_cv_prog_ac_ct_CC=gcc
ac_cv_prog_cc_c89=
ac_cv_prog_cc_g=yes

## ----------------- ##
## Output variables. ##
## ----------------- ##

CC='gcc'
CFLAGS='-g -O2'
CPP='gcc -E'
CPPFLAGS=''
DEFIS=' -DREADLINE'
DEFS='-DPACKAGE_NAME=\"GNU\ units\" -DPACKAGE_TARNAME=\"units\" -DPACKAGE_VERSION=\"1.87\" -DPACKAGE_STRING=\"GNU\ units\ 1.87\" -DPACKAGE_BUGREPORT=\"adrian@cam.cornell.edu\" -DSTDC_HEADERS=1 -DHAVE_SYS_TYPES_H=1 -DHAVE_SYS_STAT_H=1 -DHAVE_STDLIB_H=1 -DHAVE_STRING_H=1 -DHAVE_MEMORY_H=1 -DHAVE_STRINGS_H=1 -DHAVE_INTTYPES_H=1 -DHAVE_STDINT_H=1 -DHAVE_UNISTD_H=1'
ECHO_C=''
ECHO_N='-n'
ECHO_T=''
EGREP='/bin/grep -E'
EXEEXT=''
GREP='/bin/grep'
INSTALL_DATA='${INSTALL} -m 644'
INSTALL_PROGRAM='${INSTALL}'
INSTALL_SCRIPT='${INSTALL}'
LDFLAGS=''
LIBOBJS=''
LIBS='-lm -lreadline -lncurses'
LTLIBOBJS=''
OBJEXT='o'
PACKAGE_BUGREPORT='adrian@cam.cornell.edu'
PACKAGE_NAME='GNU units'
PACKAGE_STRING='GNU units 1.87'
PACKAGE_TARNAME='units'
PACKAGE_VERSION='1.87'
PATH_SEPARATOR=':'
SHELL='/bin/bash'
STRFUNC=''
UDAT=''
ac_ct_CC='gcc'
bindir='${exec_prefix}/bin'
build_alias=''
datadir='${datarootdir}'
datarootdir='${prefix}/share'
docdir='${datarootdir}/doc/${PACKAGE_TARNAME}'
dvidir='${docdir}'
exec_prefix='${prefix}'
host_alias=''
htmldir='${docdir}'
includedir='${prefix}/include'
infodir='${datarootdir}/info'
libdir='${exec_prefix}/lib'
libexecdir='${exec_prefix}/libexec'
localedir='${datarootdir}/locale'
localstatedir='${prefix}/var'
mandir='${datarootdir}/man'
oldincludedir='/usr/include'
pdfdir='${docdir}'
prefix='/usr/local'
program_transform_name='s,x,x,'
psdir='${docdir}'
sbindir='${exec_prefix}/sbin'
sharedstatedir='${prefix}/com'
sysconfdir='${prefix}/etc'
target_alias=''

## ----------- ##
## confdefs.h. ##
## ----------- ##

#define PACKAGE_NAME "GNU units"
#define PACKAGE_TARNAME "units"
#define PACKAGE_VERSION "1.87"
#define PACKAGE_STRING "GNU units 1.87"
#define PACKAGE_BUGREPORT "adrian@cam.cornell.edu"
#define STDC_HEADERS 1
#define HAVE_SYS_TYPES_H 1
#define HAVE_SYS_STAT_H 1
#define HAVE_STDLIB_H 1
#define HAVE_STRING_H 1
#define HAVE_MEMORY_H 1
#define HAVE_STRINGS_H 1
#define HAVE_INTTYPES_H 1
#define HAVE_STDINT_H 1
#define HAVE_UNISTD_H 1

configure: exit 0
